<?xml version="1.0" encoding="UTF-8"?>
<!-- Generated by org.testng.reporters.JUnitReportReporter -->
<testsuite hostname="FC45964D016E" name="UniversalAPPMaven.UniversalAppMaven.AppTest" tests="1" failures="0" timestamp="17 Jan 2021 19:32:16 GMT" time="0.005" errors="0">
  <testcase name="shouldAnswerWithTrue" time="0.005" classname="UniversalAPPMaven.UniversalAppMaven.AppTest"/>
</testsuite> <!-- UniversalAPPMaven.UniversalAppMaven.AppTest -->
